[LOG] System::create                           : Header version = 2.02.11. Current version = 2.02.11.
[LOG] Manager::init                            : maxchannels = 256 studioflags = 00000006 flags 00000000 extradriverdata 0000000000000000.
[LOG] SystemI::init                            : Initialize version=20211 (130436), maxchannels=256, flags=0x00020000
[LOG] SystemI::setOutputInternal               : Setting output to 'FMOD WASAPI Output'
[LOG] OutputWASAPI::init                       : Mix Format (WAVEFORMATEX): wFormatTag=0xFFFE, nChannels=2, nSamplesPerSec=48000, nAvgBytesPerSec=384000, nBlockAlign=8, wBitsPerSample=32, cbSize=22.
[LOG] OutputWASAPI::init                       : Mix Format (WAVEFORMATEXTENSIBLE): wValidBitsPerSample=32, dwChannelMask=0x00000003, SubFormat=00000003-0000-0010-8000-00AA00389B71.
[LOG] OutputWASAPI::init                       : Output buffer size: 4096 samples, latency: 0.00ms, period: 10.00ms, DSP buffer: 1024 * 4
[LOG] Thread::initThread                       : Init FMOD stream thread. Affinity: 0x4000000000000003, Priority: 0xFFFF7FFB, Stack Size: 98304, Semaphore: No, Sleep Time: 10, Looping: Yes.
[LOG] Thread::initThread                       : Init FMOD mixer thread. Affinity: 0x4000000000000001, Priority: 0xFFFF7FFA, Stack Size: 81920, Semaphore: No, Sleep Time: 0, Looping: Yes.
[LOG] AsyncManager::init                       : manager 0000024705CB8D08 isAsync 0 updatePeriod 0.02
[LOG] AsyncManager::init                       : done
[LOG] PlaybackSystem::init                     : 
[LOG] Thread::initThread                       : Init FMOD Studio sample load thread. Affinity: 0x4000000000000003, Priority: 0xFFFF7FFD, Stack Size: 98304, Semaphore: No, Sleep Time: 1, Looping: No.
[LOG] PlaybackSystem::init                     : done
[LOG] Thread::initThread                       : Init FMOD Studio bank load thread. Affinity: 0x4000000000000003, Priority: 0xFFFF7FFD, Stack Size: 98304, Semaphore: No, Sleep Time: 1, Looping: No.
[LOG] Manager::init                            : done.
[LOG] Manager::readBank                        : fileversion = 142, compatVersion = 140 (oldest = 44, newest = 142)
[LOG] Manager::readBank                        : fileversion = 142, compatVersion = 140 (oldest = 44, newest = 142)
[LOG] Manager::readBank                        : fileversion = 142, compatVersion = 140 (oldest = 44, newest = 142)
[LOG] PlaybackSystem::acquireMasterBus         : Setting master channel group format to 6
[LOG] SystemI::createSound                     : filename = Assets/FMODAssets/Desktop/Master.bank : mode 02010082
[LOG] SystemI::createSound                     : FMOD_NONBLOCKING specified.  Putting into queue to be opened asynchronously!
[LOG] AsyncThread::add                         : add sound to async queue : soundi = 0000024726DF3408, queue head = 00000247021157F8, queue count = 0
[LOG] AsyncThread::threadFunc                  : Starting Asynchronous operation on sound 0000024726DF3408
[LOG] SystemI::createSoundInternal             :     Create name='Assets/FMODAssets/Desktop/Master.bank', mode=0x02010082
[LOG] SystemI::createSoundInternal             :     exinfo->cbsize             = 224
[LOG] SystemI::createSoundInternal             :     exinfo->length             = 8624768
[LOG] SystemI::createSoundInternal             :     exinfo->fileoffset         = 57184
[LOG] SystemI::createSoundInternal             :     exinfo->numsubsounds       = 1
[LOG] SystemI::createSoundInternal             :     exinfo->inclusionlist      = 00000245E151C1B0
[LOG] SystemI::createSoundInternal             :     exinfo->inclusionlistnum   = 1
[LOG] SystemI::createSoundInternal             :     exinfo->suggestedsoundtype = 5
[LOG] SystemI::createSoundInternal             :     exinfo->initialseekpostype = 1
[LOG] SystemI::createSoundInternal             :     Stream 0/1: name='bussinpoots', format=5, channels=2, frequency=48000, lengthbytes=3845920, lengthpcm=13741244, pcmblocksize=0, loopstart=0, loopend=0, mode=0x00000000, channelmask=0x00000000, channelorder=0, peakvolume=0.995483.
[LOG] AsyncThread::threadFunc                  : Finished Asynchronous operation on sound 0000024726DF3408
[LOG] SystemI::createSoundInternal             : Create name='', mode=0x02000202
[LOG] SystemI::createSoundInternal             : exinfo->cbsize             = 224
[LOG] SystemI::createSoundInternal             : exinfo->length             = 8624768
[LOG] SystemI::createSoundInternal             : exinfo->fileoffset         = 57184
[LOG] SystemI::createSoundInternal             : exinfo->numsubsounds       = 1
[LOG] SystemI::createSoundInternal             : exinfo->inclusionlist      = 000000F0496FEFC8
[LOG] SystemI::createSoundInternal             : exinfo->inclusionlistnum   = 1
[LOG] SystemI::createSoundInternal             : exinfo->suggestedsoundtype = 5
[LOG] SystemI::createSoundInternal             : exinfo->useropen           = 00007FF8C7083490
[LOG] SystemI::createSoundInternal             : exinfo->userclose          = 00007FF8C7083450
[LOG] SystemI::createSoundInternal             : exinfo->userread           = 00007FF8C7083570
[LOG] SystemI::createSoundInternal             : exinfo->userseek           = 00007FF8C7083630
[LOG] SystemI::createSoundInternal             : exinfo->fileuserdata       = 00000245E8350E98
[LOG] SystemI::createSoundInternal             : exinfo->initialseekpostype = 1
[LOG] SystemI::DSPCodecPoolRegister            : register codec pool for pool type 5
[LOG] SystemI::createSoundInternal             : Sample 0/1: name='LibraWalk', format=5, channels=2, frequency=48000, lengthbytes=15744, lengthpcm=216828, pcmblocksize=0, loopstart=0, loopend=0, mode=0x00000000, channelmask=0x00000000, channelorder=0, peakvolume=0.178680.
[LOG] SystemI::createSoundInternal             : Create name='', mode=0x02000202
[LOG] SystemI::createSoundInternal             : exinfo->cbsize             = 224
[LOG] SystemI::createSoundInternal             : exinfo->length             = 8624768
[LOG] SystemI::createSoundInternal             : exinfo->fileoffset         = 57184
[LOG] SystemI::createSoundInternal             : exinfo->numsubsounds       = 1
[LOG] SystemI::createSoundInternal             : exinfo->inclusionlist      = 000000F0496FEFC8
[LOG] SystemI::createSoundInternal             : exinfo->inclusionlistnum   = 1
[LOG] SystemI::createSoundInternal             : exinfo->suggestedsoundtype = 5
[LOG] SystemI::createSoundInternal             : exinfo->useropen           = 00007FF8C7083490
[LOG] SystemI::createSoundInternal             : exinfo->userclose          = 00007FF8C7083450
[LOG] SystemI::createSoundInternal             : exinfo->userread           = 00007FF8C7083570
[LOG] SystemI::createSoundInternal             : exinfo->userseek           = 00007FF8C7083630
[LOG] SystemI::createSoundInternal             : exinfo->fileuserdata       = 00000245E8350E98
[LOG] SystemI::createSoundInternal             : exinfo->initialseekpostype = 1
[LOG] SystemI::DSPCodecPoolRegister            : register codec pool for pool type 5
[LOG] SystemI::createSoundInternal             : Sample 0/1: name='LibraWalk (3)', format=5, channels=2, frequency=48000, lengthbytes=20128, lengthpcm=239946, pcmblocksize=0, loopstart=0, loopend=0, mode=0x00000000, channelmask=0x00000000, channelorder=0, peakvolume=0.184906.
[LOG] SystemI::createSoundInternal             : Create name='', mode=0x02000202
[LOG] SystemI::createSoundInternal             : exinfo->cbsize             = 224
[LOG] SystemI::createSoundInternal             : exinfo->length             = 8624768
[LOG] SystemI::createSoundInternal             : exinfo->fileoffset         = 57184
[LOG] SystemI::createSoundInternal             : exinfo->numsubsounds       = 1
[LOG] SystemI::createSoundInternal             : exinfo->inclusionlist      = 000000F0496FEFC8
[LOG] SystemI::createSoundInternal             : exinfo->inclusionlistnum   = 1
[LOG] SystemI::createSoundInternal             : exinfo->suggestedsoundtype = 5
[LOG] SystemI::createSoundInternal             : exinfo->useropen           = 00007FF8C7083490
[LOG] SystemI::createSoundInternal             : exinfo->userclose          = 00007FF8C7083450
[LOG] SystemI::createSoundInternal             : exinfo->userread           = 00007FF8C7083570
[LOG] SystemI::createSoundInternal             : exinfo->userseek           = 00007FF8C7083630
[LOG] SystemI::createSoundInternal             : exinfo->fileuserdata       = 00000245E8350E98
[LOG] SystemI::createSoundInternal             : exinfo->initialseekpostype = 1
[LOG] SystemI::DSPCodecPoolRegister            : register codec pool for pool type 5
[LOG] SystemI::createSoundInternal             : Sample 0/1: name='LibraWalk (1)', format=5, channels=2, frequency=48000, lengthbytes=15712, lengthpcm=210909, pcmblocksize=0, loopstart=0, loopend=0, mode=0x00000000, channelmask=0x00000000, channelorder=0, peakvolume=0.194214.
[LOG] SystemI::createSoundInternal             : Create name='', mode=0x02000202
[LOG] SystemI::createSoundInternal             : exinfo->cbsize             = 224
[LOG] SystemI::createSoundInternal             : exinfo->length             = 8624768
[LOG] SystemI::createSoundInternal             : exinfo->fileoffset         = 57184
[LOG] SystemI::createSoundInternal             : exinfo->numsubsounds       = 1
[LOG] SystemI::createSoundInternal             : exinfo->inclusionlist      = 000000F0496FEFC8
[LOG] SystemI::createSoundInternal             : exinfo->inclusionlistnum   = 1
[LOG] SystemI::createSoundInternal             : exinfo->suggestedsoundtype = 5
[LOG] SystemI::createSoundInternal             : exinfo->useropen           = 00007FF8C7083490
[LOG] SystemI::createSoundInternal             : exinfo->userclose          = 00007FF8C7083450
[LOG] SystemI::createSoundInternal             : exinfo->userread           = 00007FF8C7083570
[LOG] SystemI::createSoundInternal             : exinfo->userseek           = 00007FF8C7083630
[LOG] SystemI::createSoundInternal             : exinfo->fileuserdata       = 00000245E8350E98
[LOG] SystemI::createSoundInternal             : exinfo->initialseekpostype = 1
[LOG] SystemI::DSPCodecPoolRegister            : register codec pool for pool type 5
[LOG] SystemI::createSoundInternal             : Sample 0/1: name='LibraWalk (4)', format=5, channels=2, frequency=48000, lengthbytes=20768, lengthpcm=239943, pcmblocksize=0, loopstart=0, loopend=0, mode=0x00000000, channelmask=0x00000000, channelorder=0, peakvolume=0.176300.
[LOG] SystemI::createSoundInternal             : Create name='', mode=0x02000202
[LOG] SystemI::createSoundInternal             : exinfo->cbsize             = 224
[LOG] SystemI::createSoundInternal             : exinfo->length             = 8624768
[LOG] SystemI::createSoundInternal             : exinfo->fileoffset         = 57184
[LOG] SystemI::createSoundInternal             : exinfo->numsubsounds       = 1
[LOG] SystemI::createSoundInternal             : exinfo->inclusionlist      = 000000F0496FEFC8
[LOG] SystemI::createSoundInternal             : exinfo->inclusionlistnum   = 1
[LOG] SystemI::createSoundInternal             : exinfo->suggestedsoundtype = 5
[LOG] SystemI::createSoundInternal             : exinfo->useropen           = 00007FF8C7083490
[LOG] SystemI::createSoundInternal             : exinfo->userclose          = 00007FF8C7083450
[LOG] SystemI::createSoundInternal             : exinfo->userread           = 00007FF8C7083570
[LOG] SystemI::createSoundInternal             : exinfo->userseek           = 00007FF8C7083630
[LOG] SystemI::createSoundInternal             : exinfo->fileuserdata       = 00000245E8350E98
[LOG] SystemI::createSoundInternal             : exinfo->initialseekpostype = 1
[LOG] SystemI::DSPCodecPoolRegister            : register codec pool for pool type 5
[LOG] SystemI::createSoundInternal             : Sample 0/1: name='LibraWalk (2)', format=5, channels=2, frequency=48000, lengthbytes=20416, lengthpcm=239942, pcmblocksize=0, loopstart=0, loopend=0, mode=0x00000000, channelmask=0x00000000, channelorder=0, peakvolume=0.185242.
[LOG] SystemI::createSoundInternal             : Create name='', mode=0x02000202
[LOG] SystemI::createSoundInternal             : exinfo->cbsize             = 224
[LOG] SystemI::createSoundInternal             : exinfo->length             = 8624768
[LOG] SystemI::createSoundInternal             : exinfo->fileoffset         = 57184
[LOG] SystemI::createSoundInternal             : exinfo->numsubsounds       = 1
[LOG] SystemI::createSoundInternal             : exinfo->inclusionlist      = 000000F0496FEFC8
[LOG] SystemI::createSoundInternal             : exinfo->inclusionlistnum   = 1
[LOG] SystemI::createSoundInternal             : exinfo->suggestedsoundtype = 5
[LOG] SystemI::createSoundInternal             : exinfo->useropen           = 00007FF8C7083490
[LOG] SystemI::createSoundInternal             : exinfo->userclose          = 00007FF8C7083450
[LOG] SystemI::createSoundInternal             : exinfo->userread           = 00007FF8C7083570
[LOG] SystemI::createSoundInternal             : exinfo->userseek           = 00007FF8C7083630
[LOG] SystemI::createSoundInternal             : exinfo->fileuserdata       = 00000245E8350E98
[LOG] SystemI::createSoundInternal             : exinfo->initialseekpostype = 1
[LOG] SystemI::DSPCodecPoolRegister            : register codec pool for pool type 5
[LOG] SystemI::createSoundInternal             : Sample 0/1: name='LibraWalk (5)', format=5, channels=2, frequency=48000, lengthbytes=20416, lengthpcm=239942, pcmblocksize=0, loopstart=0, loopend=0, mode=0x00000000, channelmask=0x00000000, channelorder=0, peakvolume=0.185242.
[LOG] SystemI::createSoundInternal             : Create name='', mode=0x02000202
[LOG] SystemI::createSoundInternal             : exinfo->cbsize             = 224
[LOG] SystemI::createSoundInternal             : exinfo->length             = 8624768
[LOG] SystemI::createSoundInternal             : exinfo->fileoffset         = 57184
[LOG] SystemI::createSoundInternal             : exinfo->numsubsounds       = 1
[LOG] SystemI::createSoundInternal             : exinfo->inclusionlist      = 000000F0496FEFC8
[LOG] SystemI::createSoundInternal             : exinfo->inclusionlistnum   = 1
[LOG] SystemI::createSoundInternal             : exinfo->suggestedsoundtype = 5
[LOG] SystemI::createSoundInternal             : exinfo->useropen           = 00007FF8C7083490
[LOG] SystemI::createSoundInternal             : exinfo->userclose          = 00007FF8C7083450
[LOG] SystemI::createSoundInternal             : exinfo->userread           = 00007FF8C7083570
[LOG] SystemI::createSoundInternal             : exinfo->userseek           = 00007FF8C7083630
[LOG] SystemI::createSoundInternal             : exinfo->fileuserdata       = 00000245E8350E98
[LOG] SystemI::createSoundInternal             : exinfo->initialseekpostype = 1
[LOG] SystemI::DSPCodecPoolRegister            : register codec pool for pool type 5
[LOG] SystemI::createSoundInternal             : Sample 0/1: name='LibraWalk (6)', format=5, channels=2, frequency=48000, lengthbytes=20480, lengthpcm=239936, pcmblocksize=0, loopstart=0, loopend=0, mode=0x00000000, channelmask=0x00000000, channelorder=0, peakvolume=0.172516.
[LOG] SystemI::createSoundInternal             : Create name='', mode=0x02000202
[LOG] SystemI::createSoundInternal             : exinfo->cbsize             = 224
[LOG] SystemI::createSoundInternal             : exinfo->length             = 8624768
[LOG] SystemI::createSoundInternal             : exinfo->fileoffset         = 57184
[LOG] SystemI::createSoundInternal             : exinfo->numsubsounds       = 1
[LOG] SystemI::createSoundInternal             : exinfo->inclusionlist      = 000000F0496FEFC8
[LOG] SystemI::createSoundInternal             : exinfo->inclusionlistnum   = 1
[LOG] SystemI::createSoundInternal             : exinfo->suggestedsoundtype = 5
[LOG] SystemI::createSoundInternal             : exinfo->useropen           = 00007FF8C7083490
[LOG] SystemI::createSoundInternal             : exinfo->userclose          = 00007FF8C7083450
[LOG] SystemI::createSoundInternal             : exinfo->userread           = 00007FF8C7083570
[LOG] SystemI::createSoundInternal             : exinfo->userseek           = 00007FF8C7083630
[LOG] SystemI::createSoundInternal             : exinfo->fileuserdata       = 00000245E8350E98
[LOG] SystemI::createSoundInternal             : exinfo->initialseekpostype = 1
[LOG] SystemI::DSPCodecPoolRegister            : register codec pool for pool type 5
[LOG] SystemI::createSoundInternal             : Sample 0/1: name='LibraWalk (7)', format=5, channels=2, frequency=48000, lengthbytes=20160, lengthpcm=239936, pcmblocksize=0, loopstart=0, loopend=0, mode=0x00000000, channelmask=0x00000000, channelorder=0, peakvolume=0.187714.
[LOG] SystemI::createSoundInternal             : Create name='', mode=0x02000202
[LOG] SystemI::createSoundInternal             : exinfo->cbsize             = 224
[LOG] SystemI::createSoundInternal             : exinfo->length             = 8624768
[LOG] SystemI::createSoundInternal             : exinfo->fileoffset         = 57184
[LOG] SystemI::createSoundInternal             : exinfo->numsubsounds       = 1
[LOG] SystemI::createSoundInternal             : exinfo->inclusionlist      = 000000F0496FEFC8
[LOG] SystemI::createSoundInternal             : exinfo->inclusionlistnum   = 1
[LOG] SystemI::createSoundInternal             : exinfo->suggestedsoundtype = 5
[LOG] SystemI::createSoundInternal             : exinfo->useropen           = 00007FF8C7083490
[LOG] SystemI::createSoundInternal             : exinfo->userclose          = 00007FF8C7083450
[LOG] SystemI::createSoundInternal             : exinfo->userread           = 00007FF8C7083570
[LOG] SystemI::createSoundInternal             : exinfo->userseek           = 00007FF8C7083630
[LOG] SystemI::createSoundInternal             : exinfo->fileuserdata       = 00000245E834F7E8
[LOG] SystemI::createSoundInternal             : exinfo->initialseekpostype = 1
[LOG] SystemI::DSPCodecPoolRegister            : register codec pool for pool type 5
[LOG] SystemI::createSoundInternal             : Sample 0/1: name='LOverruled', format=5, channels=2, frequency=48000, lengthbytes=9856, lengthpcm=44582, pcmblocksize=0, loopstart=0, loopend=0, mode=0x00000000, channelmask=0x00000000, channelorder=0, peakvolume=0.261261.
[LOG] SystemI::createSoundInternal             : Create name='', mode=0x02000202
[LOG] SystemI::createSoundInternal             : exinfo->cbsize             = 224
[LOG] SystemI::createSoundInternal             : exinfo->length             = 8624768
[LOG] SystemI::createSoundInternal             : exinfo->fileoffset         = 57184
[LOG] SystemI::createSoundInternal             : exinfo->numsubsounds       = 1
[LOG] SystemI::createSoundInternal             : exinfo->inclusionlist      = 000000F0496FEFC8
[LOG] SystemI::createSoundInternal             : exinfo->inclusionlistnum   = 1
[LOG] SystemI::createSoundInternal             : exinfo->suggestedsoundtype = 5
[LOG] SystemI::createSoundInternal             : exinfo->useropen           = 00007FF8C7083490
[LOG] SystemI::createSoundInternal             : exinfo->userclose          = 00007FF8C7083450
[LOG] SystemI::createSoundInternal             : exinfo->userread           = 00007FF8C7083570
[LOG] SystemI::createSoundInternal             : exinfo->userseek           = 00007FF8C7083630
[LOG] SystemI::createSoundInternal             : exinfo->fileuserdata       = 00000245E834F7E8
[LOG] SystemI::createSoundInternal             : exinfo->initialseekpostype = 1
[LOG] SystemI::DSPCodecPoolRegister            : register codec pool for pool type 5
[LOG] SystemI::createSoundInternal             : Sample 0/1: name='LibraCharged', format=5, channels=2, frequency=48000, lengthbytes=36544, lengthpcm=168000, pcmblocksize=0, loopstart=0, loopend=0, mode=0x00000000, channelmask=0x00000000, channelorder=0, peakvolume=0.328083.
[LOG] SystemI::createSoundInternal             : Create name='', mode=0x02000202
[LOG] SystemI::createSoundInternal             : exinfo->cbsize             = 224
[LOG] SystemI::createSoundInternal             : exinfo->length             = 8624768
[LOG] SystemI::createSoundInternal             : exinfo->fileoffset         = 57184
[LOG] SystemI::createSoundInternal             : exinfo->numsubsounds       = 1
[LOG] SystemI::createSoundInternal             : exinfo->inclusionlist      = 000000F0496FEFC8
[LOG] SystemI::createSoundInternal             : exinfo->inclusionlistnum   = 1
[LOG] SystemI::createSoundInternal             : exinfo->suggestedsoundtype = 5
[LOG] SystemI::createSoundInternal             : exinfo->useropen           = 00007FF8C7083490
[LOG] SystemI::createSoundInternal             : exinfo->userclose          = 00007FF8C7083450
[LOG] SystemI::createSoundInternal             : exinfo->userread           = 00007FF8C7083570
[LOG] SystemI::createSoundInternal             : exinfo->userseek           = 00007FF8C7083630
[LOG] SystemI::createSoundInternal             : exinfo->fileuserdata       = 00000245E834F7E8
[LOG] SystemI::createSoundInternal             : exinfo->initialseekpostype = 1
[LOG] SystemI::DSPCodecPoolRegister            : register codec pool for pool type 5
[LOG] SystemI::createSoundInternal             : Sample 0/1: name='LAtone', format=5, channels=2, frequency=48000, lengthbytes=8928, lengthpcm=40124, pcmblocksize=0, loopstart=0, loopend=0, mode=0x00000000, channelmask=0x00000000, channelorder=0, peakvolume=0.366943.
[LOG] SystemI::createSoundInternal             : Create name='', mode=0x02000202
[LOG] SystemI::createSoundInternal             : exinfo->cbsize             = 224
[LOG] SystemI::createSoundInternal             : exinfo->length             = 8624768
[LOG] SystemI::createSoundInternal             : exinfo->fileoffset         = 57184
[LOG] SystemI::createSoundInternal             : exinfo->numsubsounds       = 1
[LOG] SystemI::createSoundInternal             : exinfo->inclusionlist      = 000000F0496FEFC8
[LOG] SystemI::createSoundInternal             : exinfo->inclusionlistnum   = 1
[LOG] SystemI::createSoundInternal             : exinfo->suggestedsoundtype = 5
[LOG] SystemI::createSoundInternal             : exinfo->useropen           = 00007FF8C7083490
[LOG] SystemI::createSoundInternal             : exinfo->userclose          = 00007FF8C7083450
[LOG] SystemI::createSoundInternal             : exinfo->userread           = 00007FF8C7083570
[LOG] SystemI::createSoundInternal             : exinfo->userseek           = 00007FF8C7083630
[LOG] SystemI::createSoundInternal             : exinfo->fileuserdata       = 00000245E834F7E8
[LOG] SystemI::createSoundInternal             : exinfo->initialseekpostype = 1
[LOG] SystemI::DSPCodecPoolRegister            : register codec pool for pool type 5
[LOG] SystemI::createSoundInternal             : Sample 0/1: name='LTipScales', format=5, channels=2, frequency=48000, lengthbytes=8416, lengthpcm=37336, pcmblocksize=0, loopstart=0, loopend=0, mode=0x00000000, channelmask=0x00000000, channelorder=0, peakvolume=0.294556.
[LOG] SystemI::createSoundInternal             : Create name='', mode=0x02000202
[LOG] SystemI::createSoundInternal             : exinfo->cbsize             = 224
[LOG] SystemI::createSoundInternal             : exinfo->length             = 8624768
[LOG] SystemI::createSoundInternal             : exinfo->fileoffset         = 57184
[LOG] SystemI::createSoundInternal             : exinfo->numsubsounds       = 1
[LOG] SystemI::createSoundInternal             : exinfo->inclusionlist      = 000000F0496FEFC8
[LOG] SystemI::createSoundInternal             : exinfo->inclusionlistnum   = 1
[LOG] SystemI::createSoundInternal             : exinfo->suggestedsoundtype = 5
[LOG] SystemI::createSoundInternal             : exinfo->useropen           = 00007FF8C7083490
[LOG] SystemI::createSoundInternal             : exinfo->userclose          = 00007FF8C7083450
[LOG] SystemI::createSoundInternal             : exinfo->userread           = 00007FF8C7083570
[LOG] SystemI::createSoundInternal             : exinfo->userseek           = 00007FF8C7083630
[LOG] SystemI::createSoundInternal             : exinfo->fileuserdata       = 00000245E834F7E8
[LOG] SystemI::createSoundInternal             : exinfo->initialseekpostype = 1
[LOG] SystemI::DSPCodecPoolRegister            : register codec pool for pool type 5
[LOG] SystemI::createSoundInternal             : Sample 0/1: name='LOrder', format=5, channels=2, frequency=48000, lengthbytes=6208, lengthpcm=26749, pcmblocksize=0, loopstart=0, loopend=0, mode=0x00000000, channelmask=0x00000000, channelorder=0, peakvolume=0.310547.
[LOG] SystemI::createSoundInternal             : Create name='', mode=0x02000202
[LOG] SystemI::createSoundInternal             : exinfo->cbsize             = 224
[LOG] SystemI::createSoundInternal             : exinfo->length             = 8624768
[LOG] SystemI::createSoundInternal             : exinfo->fileoffset         = 57184
[LOG] SystemI::createSoundInternal             : exinfo->numsubsounds       = 1
[LOG] SystemI::createSoundInternal             : exinfo->inclusionlist      = 000000F0496FEFC8
[LOG] SystemI::createSoundInternal             : exinfo->inclusionlistnum   = 1
[LOG] SystemI::createSoundInternal             : exinfo->suggestedsoundtype = 5
[LOG] SystemI::createSoundInternal             : exinfo->useropen           = 00007FF8C7083490
[LOG] SystemI::createSoundInternal             : exinfo->userclose          = 00007FF8C7083450
[LOG] SystemI::createSoundInternal             : exinfo->userread           = 00007FF8C7083570
[LOG] SystemI::createSoundInternal             : exinfo->userseek           = 00007FF8C7083630
[LOG] SystemI::createSoundInternal             : exinfo->fileuserdata       = 00000245E834F7E8
[LOG] SystemI::createSoundInternal             : exinfo->initialseekpostype = 1
[LOG] SystemI::DSPCodecPoolRegister            : register codec pool for pool type 5
[LOG] SystemI::createSoundInternal             : Sample 0/1: name='LJusticeSandwitch', format=5, channels=2, frequency=48000, lengthbytes=14976, lengthpcm=67430, pcmblocksize=0, loopstart=0, loopend=0, mode=0x00000000, channelmask=0x00000000, channelorder=0, peakvolume=0.260284.
[LOG] SystemI::createSoundInternal             : Create name='', mode=0x02000202
[LOG] SystemI::createSoundInternal             : exinfo->cbsize             = 224
[LOG] SystemI::createSoundInternal             : exinfo->length             = 8624768
[LOG] SystemI::createSoundInternal             : exinfo->fileoffset         = 57184
[LOG] SystemI::createSoundInternal             : exinfo->numsubsounds       = 1
[LOG] SystemI::createSoundInternal             : exinfo->inclusionlist      = 000000F0496FEFC8
[LOG] SystemI::createSoundInternal             : exinfo->inclusionlistnum   = 1
[LOG] SystemI::createSoundInternal             : exinfo->suggestedsoundtype = 5
[LOG] SystemI::createSoundInternal             : exinfo->useropen           = 00007FF8C7083490
[LOG] SystemI::createSoundInternal             : exinfo->userclose          = 00007FF8C7083450
[LOG] SystemI::createSoundInternal             : exinfo->userread           = 00007FF8C7083570
[LOG] SystemI::createSoundInternal             : exinfo->userseek           = 00007FF8C7083630
[LOG] SystemI::createSoundInternal             : exinfo->fileuserdata       = 00000245E834F7E8
[LOG] SystemI::createSoundInternal             : exinfo->initialseekpostype = 1
[LOG] SystemI::DSPCodecPoolRegister            : register codec pool for pool type 5
[LOG] SystemI::createSoundInternal             : Sample 0/1: name='LObjection', format=5, channels=2, frequency=48000, lengthbytes=10112, lengthpcm=44025, pcmblocksize=0, loopstart=0, loopend=0, mode=0x00000000, channelmask=0x00000000, channelorder=0, peakvolume=0.402863.
[LOG] SystemI::createSoundInternal             : Create name='', mode=0x02000202
[LOG] SystemI::createSoundInternal             : exinfo->cbsize             = 224
[LOG] SystemI::createSoundInternal             : exinfo->length             = 8624768
[LOG] SystemI::createSoundInternal             : exinfo->fileoffset         = 57184
[LOG] SystemI::createSoundInternal             : exinfo->numsubsounds       = 1
[LOG] SystemI::createSoundInternal             : exinfo->inclusionlist      = 000000F0496FEFC8
[LOG] SystemI::createSoundInternal             : exinfo->inclusionlistnum   = 1
[LOG] SystemI::createSoundInternal             : exinfo->suggestedsoundtype = 5
[LOG] SystemI::createSoundInternal             : exinfo->useropen           = 00007FF8C7083490
[LOG] SystemI::createSoundInternal             : exinfo->userclose          = 00007FF8C7083450
[LOG] SystemI::createSoundInternal             : exinfo->userread           = 00007FF8C7083570
[LOG] SystemI::createSoundInternal             : exinfo->userseek           = 00007FF8C7083630
[LOG] SystemI::createSoundInternal             : exinfo->fileuserdata       = 00000245E834F7E8
[LOG] SystemI::createSoundInternal             : exinfo->initialseekpostype = 1
[LOG] SystemI::DSPCodecPoolRegister            : register codec pool for pool type 5
[LOG] SystemI::createSoundInternal             : Sample 0/1: name='LGuilty', format=5, channels=2, frequency=48000, lengthbytes=8640, lengthpcm=37336, pcmblocksize=0, loopstart=0, loopend=0, mode=0x00000000, channelmask=0x00000000, channelorder=0, peakvolume=0.197510.
[LOG] SystemI::createSoundInternal             : Create name='', mode=0x02000202
[LOG] SystemI::createSoundInternal             : exinfo->cbsize             = 224
[LOG] SystemI::createSoundInternal             : exinfo->length             = 8624768
[LOG] SystemI::createSoundInternal             : exinfo->fileoffset         = 57184
[LOG] SystemI::createSoundInternal             : exinfo->numsubsounds       = 1
[LOG] SystemI::createSoundInternal             : exinfo->inclusionlist      = 000000F0496FEFC8
[LOG] SystemI::createSoundInternal             : exinfo->inclusionlistnum   = 1
[LOG] SystemI::createSoundInternal             : exinfo->suggestedsoundtype = 5
[LOG] SystemI::createSoundInternal             : exinfo->useropen           = 00007FF8C7083490
[LOG] SystemI::createSoundInternal             : exinfo->userclose          = 00007FF8C7083450
[LOG] SystemI::createSoundInternal             : exinfo->userread           = 00007FF8C7083570
[LOG] SystemI::createSoundInternal             : exinfo->userseek           = 00007FF8C7083630
[LOG] SystemI::createSoundInternal             : exinfo->fileuserdata       = 00000245E834F7E8
[LOG] SystemI::createSoundInternal             : exinfo->initialseekpostype = 1
[LOG] SystemI::DSPCodecPoolRegister            : register codec pool for pool type 5
[LOG] SystemI::createSoundInternal             : Sample 0/1: name='LRepent', format=5, channels=2, frequency=48000, lengthbytes=12608, lengthpcm=55727, pcmblocksize=0, loopstart=0, loopend=0, mode=0x00000000, channelmask=0x00000000, channelorder=0, peakvolume=0.191711.
[LOG] SoundI::release                          :  (000002484E15A848)
[LOG] SoundI::release                          :     LibraWalk (7) (00000243B672D9A8)
[LOG] SoundI::release                          : bussinpoots (0000024726DF3408)
[LOG] SoundI::release                          :     bussinpoots (00000245E8C48F78)
[LOG] SoundI::release                          :     bussinpoots (0000024726DF0678)
[LOG] SoundI::release                          : Subway_ Eat Fresh (1) (00000247050AB6B8)
[LOG] SoundI::release                          :     Subway_ Eat Fresh (1) (00000246F7AB6788)
[LOG] SoundI::release                          :     Subway_ Eat Fresh (1) (00000247050AE7A8)
[LOG] SoundI::release                          :  (000002484E1599E8)
[LOG] SoundI::release                          :     LibraWalk (00000243B672CE48)
[LOG] SoundI::release                          :  (000002484E156908)
[LOG] SoundI::release                          :     LibraWalk (1) (00000243B672D188)
[LOG] SoundI::release                          :  (000002484E15AB28)
[LOG] SoundI::release                          :     LibraWalk (2) (00000243B672B928)
[LOG] SoundI::release                          :  (000002484E157038)
[LOG] SoundI::release                          :     LibraWalk (3) (00000243B672B788)
[LOG] SoundI::release                          :  (000002484E15B818)
[LOG] SoundI::release                          :     LibraWalk (4) (00000243B672C7C8)
[LOG] SoundI::release                          :  (000002484E15B3C8)
[LOG] SoundI::release                          :     LibraWalk (5) (00000243B672CB08)
[LOG] SoundI::release                          :  (000002484E158E68)
[LOG] SoundI::release                          :     LibraWalk (6) (00000243B672BAC8)
[LOG] SoundI::release                          :  (000002484E158B88)
[LOG] SoundI::release                          :     LOverruled (00000243B672AC28)
[LOG] SoundI::release                          :  (000002484E157A48)
[LOG] SoundI::release                          :     LGuilty (00000243B672AF68)
[LOG] SoundI::release                          :  (000002484E1585C8)
[LOG] SoundI::release                          :     LRepent (00000243B672BC68)
[LOG] SoundI::release                          :  (000002484E15B0E8)
[LOG] SoundI::release                          :     LTipScales (00000243B672DCE8)
[LOG] SoundI::release                          :  (000002484E1578D8)
[LOG] SoundI::release                          :     LObjection (00000243B672A748)
[LOG] SoundI::release                          :  (000002484E156348)
[LOG] SoundI::release                          :     LOrder (00000243B672DE88)
[LOG] SoundI::release                          :  (000002484E15A288)
[LOG] SoundI::release                          :     LJusticeSandwitch (00000243B672B5E8)
[LOG] SoundI::release                          :  (000002484E157768)
[LOG] SoundI::release                          :     LAtone (00000243B672D808)
[LOG] SoundI::release                          :  (000002484E15A118)
[LOG] SoundI::release                          :     LibraCharged (00000243B672ADC8)
[LOG] Thread::callback                         : FMOD Studio update thread finished.
[LOG] Thread::callback                         : FMOD Studio bank load thread finished.
[LOG] Profile::disconnectAll                   : Profiler disconnecting all clients
[LOG] Thread::callback                         : FMOD Studio sample load thread finished.
[LOG] LiveUpdate::release                      : 
[LOG] LiveUpdate::reset                        : Reset connection (reason Disconnected)
[LOG] Thread::callback                         : FMOD stream thread finished.
[LOG] Thread::callback                         : FMOD mixer thread finished.
[LOG] Profile::disconnectAll                   : Profiler disconnecting all clients
[LOG] SystemI::close                           : Closed.
[LOG] Thread::callback                         : FMOD Studio bank load thread finished.
[LOG] Thread::callback                         : FMOD Studio sample load thread finished.
[LOG] LiveUpdate::release                      : 
[LOG] LiveUpdate::reset                        : Reset connection (reason Disconnected)
[LOG] Thread::callback                         : FMOD stream thread finished.
[LOG] Thread::callback                         : FMOD mixer thread finished.
[LOG] SystemI::close                           : Closed.
[LOG] Thread::callback                         : FMOD nonblocking thread (0) finished.
[LOG] Thread::callback                         : FMOD file thread finished.
